
13时20分42秒   UID       PID    %usr %system  %guest   %wait    %CPU   CPU  Command
13时20分43秒  1000     19850    9.80   38.24    0.00   51.96   48.04     4  HeavyIO

13时20分43秒   UID       PID    %usr %system  %guest   %wait    %CPU   CPU  Command
13时20分44秒  1000     19850    7.00   39.00    0.00   53.00   46.00     0  HeavyIO

13时20分44秒   UID       PID    %usr %system  %guest   %wait    %CPU   CPU  Command
13时20分45秒  1000     19850   12.00   37.00    0.00   52.00   49.00     2  HeavyIO

13时20分45秒   UID       PID    %usr %system  %guest   %wait    %CPU   CPU  Command
13时20分46秒  1000     19850   12.00   37.00    0.00   50.00   49.00     6  HeavyIO

13时20分46秒   UID       PID    %usr %system  %guest   %wait    %CPU   CPU  Command
13时20分47秒  1000     19850    9.00   41.00    0.00   51.00   50.00     6  HeavyIO

13时20分47秒   UID       PID    %usr %system  %guest   %wait    %CPU   CPU  Command
13时20分48秒  1000     19850   11.00   39.00    0.00   50.00   50.00     6  HeavyIO

13时20分48秒   UID       PID    %usr %system  %guest   %wait    %CPU   CPU  Command
13时20分49秒  1000     19850   10.00   37.00    0.00   52.00   47.00     6  HeavyIO

13时20分49秒   UID       PID    %usr %system  %guest   %wait    %CPU   CPU  Command
13时20分50秒  1000     19850   14.00   35.00    0.00   52.00   49.00     6  HeavyIO

13时20分50秒   UID       PID    %usr %system  %guest   %wait    %CPU   CPU  Command
13时20分51秒  1000     19850   12.00   35.00    0.00   53.00   47.00     6  HeavyIO

13时20分51秒   UID       PID    %usr %system  %guest   %wait    %CPU   CPU  Command
13时20分52秒  1000     19850   10.00   38.00    0.00   52.00   48.00     6  HeavyIO

13时20分52秒   UID       PID    %usr %system  %guest   %wait    %CPU   CPU  Command
13时20分53秒  1000     19850    9.00   37.00    0.00   54.00   46.00     5  HeavyIO

13时20分53秒   UID       PID    %usr %system  %guest   %wait    %CPU   CPU  Command
13时20分54秒  1000     19850   10.00   37.00    0.00   53.00   47.00     6  HeavyIO

13时20分54秒   UID       PID    %usr %system  %guest   %wait    %CPU   CPU  Command
13时20分55秒  1000     19850   12.00   37.00    0.00   51.00   49.00     6  HeavyIO

13时20分55秒   UID       PID    %usr %system  %guest   %wait    %CPU   CPU  Command
13时20分56秒  1000     19850   12.00   37.00    0.00   52.00   49.00     8  HeavyIO

13时20分56秒   UID       PID    %usr %system  %guest   %wait    %CPU   CPU  Command
13时20分57秒  1000     19850   13.00   35.00    0.00   52.00   48.00     5  HeavyIO

13时20分57秒   UID       PID    %usr %system  %guest   %wait    %CPU   CPU  Command
13时20分58秒  1000     19850    9.00   37.00    0.00   54.00   46.00     5  HeavyIO

13时20分58秒   UID       PID    %usr %system  %guest   %wait    %CPU   CPU  Command
13时20分59秒  1000     19850   10.89   33.66    0.00   54.46   44.55     5  HeavyIO

13时20分59秒   UID       PID    %usr %system  %guest   %wait    %CPU   CPU  Command
13时21分00秒  1000     19850   13.00   35.00    0.00   52.00   48.00     3  HeavyIO

13时21分00秒   UID       PID    %usr %system  %guest   %wait    %CPU   CPU  Command
13时21分01秒  1000     19850   10.00   38.00    0.00   53.00   48.00     3  HeavyIO

13时21分01秒   UID       PID    %usr %system  %guest   %wait    %CPU   CPU  Command
13时21分02秒  1000     19850    9.00   33.00    0.00   57.00   42.00     3  HeavyIO

13时21分02秒   UID       PID    %usr %system  %guest   %wait    %CPU   CPU  Command
13时21分03秒  1000     19850   12.00   34.00    0.00   54.00   46.00     3  HeavyIO

13时21分03秒   UID       PID    %usr %system  %guest   %wait    %CPU   CPU  Command
13时21分04秒  1000     19850   13.00   36.00    0.00   51.00   49.00     3  HeavyIO

13时21分04秒   UID       PID    %usr %system  %guest   %wait    %CPU   CPU  Command
13时21分05秒  1000     19850   12.00   35.00    0.00   53.00   47.00     6  HeavyIO

13时21分05秒   UID       PID    %usr %system  %guest   %wait    %CPU   CPU  Command
13时21分06秒  1000     19850   11.00   35.00    0.00   55.00   46.00     6  HeavyIO

13时21分06秒   UID       PID    %usr %system  %guest   %wait    %CPU   CPU  Command
13时21分07秒  1000     19850   13.86   32.67    0.00   51.49   46.53     2  HeavyIO

13时21分07秒   UID       PID    %usr %system  %guest   %wait    %CPU   CPU  Command
13时21分08秒  1000     19850    8.00   39.00    0.00   54.00   47.00     7  HeavyIO

13时21分08秒   UID       PID    %usr %system  %guest   %wait    %CPU   CPU  Command
13时21分09秒  1000     19850    9.00   39.00    0.00   51.00   48.00     3  HeavyIO

13时21分09秒   UID       PID    %usr %system  %guest   %wait    %CPU   CPU  Command
13时21分10秒  1000     19850   11.00   36.00    0.00   53.00   47.00     3  HeavyIO

13时21分10秒   UID       PID    %usr %system  %guest   %wait    %CPU   CPU  Command
13时21分11秒  1000     19850   11.00   36.00    0.00   54.00   47.00     3  HeavyIO

13时21分11秒   UID       PID    %usr %system  %guest   %wait    %CPU   CPU  Command
13时21分12秒  1000     19850   10.00   37.00    0.00   52.00   47.00     3  HeavyIO

13时21分12秒   UID       PID    %usr %system  %guest   %wait    %CPU   CPU  Command
13时21分13秒  1000     19850   11.00   37.00    0.00   52.00   48.00     3  HeavyIO

13时21分13秒   UID       PID    %usr %system  %guest   %wait    %CPU   CPU  Command
13时21分14秒  1000     19850   13.00   38.00    0.00   51.00   51.00     2  HeavyIO

13时21分14秒   UID       PID    %usr %system  %guest   %wait    %CPU   CPU  Command
13时21分15秒  1000     19850    7.00   43.00    0.00   49.00   50.00     6  HeavyIO

13时21分15秒   UID       PID    %usr %system  %guest   %wait    %CPU   CPU  Command
13时21分16秒  1000     19850   11.00   36.00    0.00   53.00   47.00     5  HeavyIO

13时21分16秒   UID       PID    %usr %system  %guest   %wait    %CPU   CPU  Command
13时21分17秒  1000     19850   11.00   37.00    0.00   52.00   48.00     7  HeavyIO

13时21分17秒   UID       PID    %usr %system  %guest   %wait    %CPU   CPU  Command
13时21分18秒  1000     19850    9.00   35.00    0.00   56.00   44.00     5  HeavyIO

13时21分18秒   UID       PID    %usr %system  %guest   %wait    %CPU   CPU  Command
13时21分19秒  1000     19850   10.00   39.00    0.00   51.00   49.00     5  HeavyIO

13时21分19秒   UID       PID    %usr %system  %guest   %wait    %CPU   CPU  Command
13时21分20秒  1000     19850   11.00   38.00    0.00   51.00   49.00     3  HeavyIO

13时21分20秒   UID       PID    %usr %system  %guest   %wait    %CPU   CPU  Command
13时21分21秒  1000     19850    9.00   39.00    0.00   52.00   48.00     3  HeavyIO
^C

Average:      UID       PID    %usr %system  %guest   %wait    %CPU   CPU  Command
Average:     1000     19850   10.71   36.86    0.00   52.43   47.57     -  HeavyIO